2025-04-12 23:06:31,414 [INFO] Activator:176 - 


2025-04-12 23:06:31,415 [INFO] Activator:177 - !SESSION log4j initialized
2025-04-12 23:06:33,973 [INFO] LogOutputStream:77 - [STDOUT_REDIRECT] 
2025-04-12 23:06:36,700 [INFO] ApplicationProperties:184 - Using Application install path: C:\ST\STM32CubeIDE_1.18.0\STM32CubeIDE\plugins\com.st.stm32cube.common.mx_6.14.0.202502271554
2025-04-12 23:06:36,712 [INFO] DbMcusXml:78 - Set database path to: C:\ST\STM32CubeIDE_1.18.0\STM32CubeIDE\plugins\com.st.stm32cube.common.mx_6.14.0.202502271554\\db\/mcu/
2025-04-12 23:06:36,713 [INFO] ApiDb:274 - Set plugin database path to: C:\ST\STM32CubeIDE_1.18.0\STM32CubeIDE\plugins\com.st.stm32cube.common.mx_6.14.0.202502271554\\db\/plugins/boardmanager/
2025-04-12 23:06:36,713 [WARN] ApiDb:259 - Overriding images path with different value:  => C:\ST\STM32CubeIDE_1.18.0\STM32CubeIDE\plugins\com.st.stm32cube.common.mx_6.14.0.202502271554\\db\/plugins/mcufinder/images/
2025-04-12 23:06:36,719 [INFO] ApiDb:250 - Set database path to: C:\Users\capta\.stmcufinder\plugins\mcufinder//mcu/
2025-04-12 23:06:36,720 [INFO] DbMcusAds:125 - Set database path to: C:\Users\capta\.stmcufinder\plugins\mcufinder//mcu/
2025-04-12 23:06:36,722 [INFO] CrossReferenceDbSqlite:203 - Set database path to: C:\Users\capta\.stmcufinder\plugins\mcufinder//mcu/cs/
2025-04-12 23:06:36,813 [INFO] RulesReader:64 - Compatibility file has been processed (301 Rules)
2025-04-12 23:06:36,892 [INFO] DbMcusXml:78 - Set database path to: C:\ST\STM32CubeIDE_1.18.0\STM32CubeIDE\plugins\com.st.stm32cube.common.mx_6.14.0.202502271554\\db\/mcu/
2025-04-12 23:06:36,892 [INFO] ApiDb:274 - Set plugin database path to: C:\ST\STM32CubeIDE_1.18.0\STM32CubeIDE\plugins\com.st.stm32cube.common.mx_6.14.0.202502271554\\db\/plugins/boardmanager/
2025-04-12 23:06:36,892 [INFO] ApiDb:261 - Set plugin images path to: C:\ST\STM32CubeIDE_1.18.0\STM32CubeIDE\plugins\com.st.stm32cube.common.mx_6.14.0.202502271554\\db\/plugins/mcufinder/images/
2025-04-12 23:06:36,893 [WARN] DbFile:41 - Overriding database path with different value: C:\Users\capta\.stmcufinder\plugins\mcufinder/ => C:\Users\capta\.stmcufinder\plugins\mcufinder
2025-04-12 23:06:36,893 [INFO] ApiDb:250 - Set database path to: C:\Users\capta\.stmcufinder\plugins\mcufinder//mcu/
2025-04-12 23:06:36,893 [WARN] DbFile:41 - Overriding database path with different value: C:\Users\capta\.stmcufinder\plugins\mcufinder/ => C:\Users\capta\.stmcufinder\plugins\mcufinder
2025-04-12 23:06:36,893 [INFO] DbMcusAds:125 - Set database path to: C:\Users\capta\.stmcufinder\plugins\mcufinder//mcu/
2025-04-12 23:06:36,893 [WARN] DbFile:41 - Overriding database path with different value: C:\Users\capta\.stmcufinder\plugins\mcufinder/ => C:\Users\capta\.stmcufinder\plugins\mcufinder
2025-04-12 23:06:36,893 [WARN] DbFile:41 - Overriding database path with different value: C:\Users\capta\.stmcufinder\plugins\mcufinder/ => C:\Users\capta\.stmcufinder\plugins\mcufinder
2025-04-12 23:06:36,893 [INFO] CrossReferenceDbSqlite:203 - Set database path to: C:\Users\capta\.stmcufinder\plugins\mcufinder//mcu/cs/
2025-04-12 23:06:36,955 [INFO] MainPanel:272 - HeapMemory: 268435456
2025-04-12 23:06:37,023 [INFO] DbMcusXml:78 - Set database path to: C:\ST\STM32CubeIDE_1.18.0\STM32CubeIDE\plugins\com.st.stm32cube.common.mx_6.14.0.202502271554\\db\/mcu/
2025-04-12 23:06:37,024 [INFO] ApiDb:274 - Set plugin database path to: C:\ST\STM32CubeIDE_1.18.0\STM32CubeIDE\plugins\com.st.stm32cube.common.mx_6.14.0.202502271554\\db\/plugins/boardmanager/
2025-04-12 23:06:37,024 [INFO] ApiDb:261 - Set plugin images path to: C:\ST\STM32CubeIDE_1.18.0\STM32CubeIDE\plugins\com.st.stm32cube.common.mx_6.14.0.202502271554\\db\/plugins/mcufinder/images/
2025-04-12 23:06:37,024 [WARN] DbFile:41 - Overriding database path with different value: C:\Users\capta\.stmcufinder\plugins\mcufinder/ => C:\Users\capta\.stmcufinder\plugins\mcufinder
2025-04-12 23:06:37,024 [INFO] ApiDb:250 - Set database path to: C:\Users\capta\.stmcufinder\plugins\mcufinder//mcu/
2025-04-12 23:06:37,024 [WARN] DbFile:41 - Overriding database path with different value: C:\Users\capta\.stmcufinder\plugins\mcufinder/ => C:\Users\capta\.stmcufinder\plugins\mcufinder
2025-04-12 23:06:37,024 [INFO] DbMcusAds:125 - Set database path to: C:\Users\capta\.stmcufinder\plugins\mcufinder//mcu/
2025-04-12 23:06:37,024 [WARN] DbFile:41 - Overriding database path with different value: C:\Users\capta\.stmcufinder\plugins\mcufinder/ => C:\Users\capta\.stmcufinder\plugins\mcufinder
2025-04-12 23:06:37,024 [WARN] DbFile:41 - Overriding database path with different value: C:\Users\capta\.stmcufinder\plugins\mcufinder/ => C:\Users\capta\.stmcufinder\plugins\mcufinder
2025-04-12 23:06:37,024 [INFO] CrossReferenceDbSqlite:203 - Set database path to: C:\Users\capta\.stmcufinder\plugins\mcufinder//mcu/cs/
2025-04-12 23:06:37,042 [INFO] ApplicationProperties:184 - Using Application install path: C:\ST\STM32CubeIDE_1.18.0\STM32CubeIDE\plugins\com.st.stm32cube.common.mx_6.14.0.202502271554
2025-04-12 23:06:37,046 [INFO] PluginManage:196 - Search for loadable plugins [exclusion list=, ]
2025-04-12 23:06:37,047 [INFO] PluginManage:310 - Check plugin analytics
2025-04-12 23:06:37,204 [INFO] AnalyticsPlugin:253 - Accepted Software Licenses: 
2025-04-12 23:06:37,204 [INFO] AnalyticsPlugin:255 - Accepted CMSIS Pack Licenses: 
2025-04-12 23:06:37,204 [INFO] AnalyticsPlugin:257 - Accepted Firmware Licenses: 
2025-04-12 23:06:37,207 [INFO] PluginManage:359 - Loaded plugin analytics (category:tool,tabindex:-1)
2025-04-12 23:06:37,207 [INFO] PluginManage:310 - Check plugin cadmodel
2025-04-12 23:06:37,210 [INFO] CADModel:105 - Init CAD model plugin
2025-04-12 23:06:37,210 [INFO] PluginManage:359 - Loaded plugin cadmodel (category:power,tabindex:5)
2025-04-12 23:06:37,210 [INFO] PluginManage:310 - Check plugin clock
2025-04-12 23:06:37,219 [INFO] PluginManage:359 - Loaded plugin clock (category:base,tabindex:2)
2025-04-12 23:06:37,220 [INFO] PluginManage:310 - Check plugin ddr
2025-04-12 23:06:37,221 [INFO] PluginManage:359 - Loaded plugin ddr (category:tool,tabindex:6)
2025-04-12 23:06:37,221 [INFO] PluginManage:310 - Check plugin filemanager
2025-04-12 23:06:37,368 [INFO] PluginManage:359 - Loaded plugin filemanager (category:base,tabindex:10)
2025-04-12 23:06:37,368 [INFO] PluginManage:310 - Check plugin ipmanager
2025-04-12 23:06:37,378 [INFO] PluginManage:359 - Loaded plugin ipmanager (category:base,tabindex:5)
2025-04-12 23:06:37,379 [INFO] PluginManage:310 - Check plugin lpbam
2025-04-12 23:06:37,386 [INFO] PluginManage:359 - Loaded plugin lpbam (category:base,tabindex:0)
2025-04-12 23:06:37,386 [INFO] PluginManage:310 - Check plugin memorymap
2025-04-12 23:06:37,397 [INFO] PluginManage:359 - Loaded plugin memorymap (category:base,tabindex:4)
2025-04-12 23:06:37,398 [INFO] PluginManage:310 - Check plugin pinoutandconfiguration
2025-04-12 23:06:37,404 [INFO] PluginManage:359 - Loaded plugin pinoutandconfiguration (category:base,tabindex:1)
2025-04-12 23:06:37,404 [INFO] PluginManage:310 - Check plugin pinoutconfig
2025-04-12 23:06:37,470 [WARN] SupportedApi:132 - Cannot load RTOS API schema: s4s-elt-must-match.1: The content of 'definitions' must match (annotation?, (simpleType | complexType)?, (unique | key | keyref)*)). A problem was found starting at: attribute.
2025-04-12 23:06:37,571 [INFO] PluginManage:359 - Loaded plugin pinoutconfig (category:base,tabindex:0)
2025-04-12 23:06:37,572 [INFO] PluginManage:310 - Check plugin power
2025-04-12 23:06:37,579 [INFO] PluginManage:359 - Loaded plugin power (category:power,tabindex:4)
2025-04-12 23:06:37,579 [INFO] PluginManage:310 - Check plugin projectmanager
2025-04-12 23:06:37,595 [INFO] PluginManage:359 - Loaded plugin projectmanager (category:projectmanager,tabindex:4)
2025-04-12 23:06:37,595 [INFO] PluginManage:310 - Check plugin rif
2025-04-12 23:06:37,600 [INFO] PluginManage:359 - Loaded plugin rif (category:base,tabindex:3)
2025-04-12 23:06:37,601 [INFO] PluginManage:310 - Check plugin thirdparty
2025-04-12 23:06:37,730 [INFO] PluginManage:359 - Loaded plugin thirdparty (category:base,tabindex:-1)
2025-04-12 23:06:37,730 [WARN] IntegrityCheckThread:84 - waiting for thirdparty lock release [integrity check]
2025-04-12 23:06:37,730 [INFO] PluginManage:310 - Check plugin tools
2025-04-12 23:06:37,730 [INFO] IntegrityCheckThread:86 - entering critical section [integrity check]
2025-04-12 23:06:37,730 [INFO] ThirdPartyUpdaterWithRetryManager:70 - Updater plugin not ready yet. [1/15]
2025-04-12 23:06:37,735 [INFO] PluginManage:359 - Loaded plugin tools (category:base,tabindex:7)
2025-04-12 23:06:37,735 [INFO] PluginManage:310 - Check plugin tutovideos
2025-04-12 23:06:37,859 [INFO] PluginManage:359 - Loaded plugin tutovideos (category:base,tabindex:-1)
2025-04-12 23:06:37,859 [INFO] PluginManage:310 - Check plugin updater
2025-04-12 23:06:37,874 [INFO] PluginManage:359 - Loaded plugin updater (category:base,tabindex:12)
2025-04-12 23:06:37,875 [INFO] PluginManage:310 - Check plugin userauth
2025-04-12 23:06:37,878 [INFO] UserAuth:118 - Init User Auth plugin
2025-04-12 23:06:37,878 [INFO] PluginManage:359 - Loaded plugin userauth (category:base,tabindex:14)
2025-04-12 23:06:37,879 [INFO] PluginManage:283 - PluginManage : Loaded plugins [18]
2025-04-12 23:06:38,060 [INFO] PinOutPanel:1589 - setPackage(No Configuration,No Configuration)
2025-04-12 23:06:38,137 [INFO] CADModel:165 - CPN selected for project level
2025-04-12 23:06:38,137 [INFO] CADModel:114 - Register for checkConnection events
2025-04-12 23:06:38,151 [INFO] IPUIPlugin:80 - create IPUIPlugin
2025-04-12 23:06:38,151 [INFO] PluginManager:220 - loadIPPluginJar : add adc
2025-04-12 23:06:38,153 [INFO] IPUIPlugin:80 - create IPUIPlugin
2025-04-12 23:06:38,153 [INFO] PluginManager:220 - loadIPPluginJar : add aes
2025-04-12 23:06:38,155 [INFO] IPUIPlugin:80 - create IPUIPlugin
2025-04-12 23:06:38,155 [INFO] PluginManager:220 - loadIPPluginJar : add can
2025-04-12 23:06:38,157 [INFO] IPUIPlugin:80 - create IPUIPlugin
2025-04-12 23:06:38,157 [INFO] PluginManager:220 - loadIPPluginJar : add comp
2025-04-12 23:06:38,159 [INFO] IPUIPlugin:80 - create IPUIPlugin
2025-04-12 23:06:38,159 [INFO] PluginManager:220 - loadIPPluginJar : add cryp
2025-04-12 23:06:38,161 [INFO] IPUIPlugin:80 - create IPUIPlugin
2025-04-12 23:06:38,161 [INFO] PluginManager:220 - loadIPPluginJar : add ddr_ctrl_phy
2025-04-12 23:06:38,163 [INFO] IPUIPlugin:80 - create IPUIPlugin
2025-04-12 23:06:38,163 [INFO] PluginManager:220 - loadIPPluginJar : add dfsdm
2025-04-12 23:06:38,167 [INFO] IPUIPlugin:80 - create IPUIPlugin
2025-04-12 23:06:38,167 [INFO] PluginManager:220 - loadIPPluginJar : add dma
2025-04-12 23:06:38,170 [INFO] IPUIPlugin:80 - create IPUIPlugin
2025-04-12 23:06:38,170 [INFO] PluginManager:220 - loadIPPluginJar : add dma3
2025-04-12 23:06:38,172 [INFO] IPUIPlugin:80 - create IPUIPlugin
2025-04-12 23:06:38,173 [INFO] PluginManager:220 - loadIPPluginJar : add extmemmanager
2025-04-12 23:06:38,174 [INFO] IPUIPlugin:80 - create IPUIPlugin
2025-04-12 23:06:38,175 [INFO] PluginManager:220 - loadIPPluginJar : add fatfs
2025-04-12 23:06:38,178 [INFO] IPUIPlugin:80 - create IPUIPlugin
2025-04-12 23:06:38,178 [INFO] PluginManager:220 - loadIPPluginJar : add fmc
2025-04-12 23:06:38,181 [INFO] IPUIPlugin:80 - create IPUIPlugin
2025-04-12 23:06:38,181 [INFO] PluginManager:220 - loadIPPluginJar : add freertos
2025-04-12 23:06:38,183 [INFO] IPUIPlugin:80 - create IPUIPlugin
2025-04-12 23:06:38,183 [INFO] PluginManager:220 - loadIPPluginJar : add genericplugin
2025-04-12 23:06:38,185 [INFO] IPUIPlugin:80 - create IPUIPlugin
2025-04-12 23:06:38,185 [INFO] PluginManager:220 - loadIPPluginJar : add gfxmmu
2025-04-12 23:06:38,189 [INFO] IPUIPlugin:80 - create IPUIPlugin
2025-04-12 23:06:38,190 [INFO] PluginManager:220 - loadIPPluginJar : add gic
2025-04-12 23:06:38,192 [INFO] IPUIPlugin:80 - create IPUIPlugin
2025-04-12 23:06:38,192 [INFO] PluginManager:220 - loadIPPluginJar : add gpio
2025-04-12 23:06:38,194 [INFO] IPUIPlugin:80 - create IPUIPlugin
2025-04-12 23:06:38,194 [INFO] PluginManager:220 - loadIPPluginJar : add gtzc
2025-04-12 23:06:38,196 [INFO] IPUIPlugin:80 - create IPUIPlugin
2025-04-12 23:06:38,196 [INFO] PluginManager:220 - loadIPPluginJar : add hash
2025-04-12 23:06:38,199 [INFO] IPUIPlugin:80 - create IPUIPlugin
2025-04-12 23:06:38,199 [INFO] PluginManager:220 - loadIPPluginJar : add i2c
2025-04-12 23:06:38,201 [INFO] IPUIPlugin:80 - create IPUIPlugin
2025-04-12 23:06:38,201 [INFO] PluginManager:220 - loadIPPluginJar : add i2s
2025-04-12 23:06:38,204 [INFO] IPUIPlugin:80 - create IPUIPlugin
2025-04-12 23:06:38,204 [INFO] PluginManager:220 - loadIPPluginJar : add i3c
2025-04-12 23:06:38,207 [INFO] IPUIPlugin:80 - create IPUIPlugin
2025-04-12 23:06:38,207 [INFO] PluginManager:220 - loadIPPluginJar : add ipddr
2025-04-12 23:06:38,212 [INFO] IPUIPlugin:80 - create IPUIPlugin
2025-04-12 23:06:38,212 [INFO] PluginManager:220 - loadIPPluginJar : add linkedlist
2025-04-12 23:06:38,214 [INFO] IPUIPlugin:80 - create IPUIPlugin
2025-04-12 23:06:38,214 [INFO] PluginManager:220 - loadIPPluginJar : add lorawan
2025-04-12 23:06:38,215 [INFO] IPUIPlugin:80 - create IPUIPlugin
2025-04-12 23:06:38,215 [INFO] PluginManager:220 - loadIPPluginJar : add ltdc
2025-04-12 23:06:38,220 [INFO] IPUIPlugin:80 - create IPUIPlugin
2025-04-12 23:06:38,220 [INFO] PluginManager:220 - loadIPPluginJar : add mdma
2025-04-12 23:06:38,223 [INFO] IPUIPlugin:80 - create IPUIPlugin
2025-04-12 23:06:38,224 [INFO] PluginManager:220 - loadIPPluginJar : add nvic
2025-04-12 23:06:38,226 [INFO] IPUIPlugin:80 - create IPUIPlugin
2025-04-12 23:06:38,226 [INFO] PluginManager:220 - loadIPPluginJar : add opamp
2025-04-12 23:06:38,229 [INFO] IPUIPlugin:80 - create IPUIPlugin
2025-04-12 23:06:38,229 [INFO] PluginManager:220 - loadIPPluginJar : add openamp
2025-04-12 23:06:38,232 [INFO] IPUIPlugin:80 - create IPUIPlugin
2025-04-12 23:06:38,232 [INFO] PluginManager:220 - loadIPPluginJar : add pdm2pcm
2025-04-12 23:06:38,236 [INFO] IPUIPlugin:80 - create IPUIPlugin
2025-04-12 23:06:38,237 [INFO] PluginManager:220 - loadIPPluginJar : add plateformsettings
2025-04-12 23:06:38,239 [INFO] IPUIPlugin:80 - create IPUIPlugin
2025-04-12 23:06:38,239 [INFO] PluginManager:220 - loadIPPluginJar : add quadspi
2025-04-12 23:06:38,240 [INFO] IPUIPlugin:80 - create IPUIPlugin
2025-04-12 23:06:38,242 [INFO] PluginManager:220 - loadIPPluginJar : add radio
2025-04-12 23:06:38,244 [INFO] IPUIPlugin:80 - create IPUIPlugin
2025-04-12 23:06:38,245 [INFO] PluginManager:220 - loadIPPluginJar : add resmgrutility
2025-04-12 23:06:38,247 [INFO] IPUIPlugin:80 - create IPUIPlugin
2025-04-12 23:06:38,247 [INFO] PluginManager:220 - loadIPPluginJar : add sai
2025-04-12 23:06:38,249 [INFO] IPUIPlugin:80 - create IPUIPlugin
2025-04-12 23:06:38,249 [INFO] PluginManager:220 - loadIPPluginJar : add spi
2025-04-12 23:06:38,254 [INFO] IPUIPlugin:80 - create IPUIPlugin
2025-04-12 23:06:38,254 [INFO] PluginManager:220 - loadIPPluginJar : add stm32_wpan
2025-04-12 23:06:38,256 [INFO] IPUIPlugin:80 - create IPUIPlugin
2025-04-12 23:06:38,256 [INFO] PluginManager:220 - loadIPPluginJar : add tim
2025-04-12 23:06:38,258 [INFO] IPUIPlugin:80 - create IPUIPlugin
2025-04-12 23:06:38,259 [INFO] PluginManager:220 - loadIPPluginJar : add touchsensing
2025-04-12 23:06:38,261 [INFO] IPUIPlugin:80 - create IPUIPlugin
2025-04-12 23:06:38,261 [INFO] PluginManager:220 - loadIPPluginJar : add tracer_emb
2025-04-12 23:06:38,262 [INFO] IPUIPlugin:80 - create IPUIPlugin
2025-04-12 23:06:38,262 [INFO] PluginManager:220 - loadIPPluginJar : add ts
2025-04-12 23:06:38,264 [INFO] IPUIPlugin:80 - create IPUIPlugin
2025-04-12 23:06:38,264 [INFO] PluginManager:220 - loadIPPluginJar : add tsc
2025-04-12 23:06:38,265 [INFO] IPUIPlugin:80 - create IPUIPlugin
2025-04-12 23:06:38,265 [INFO] PluginManager:220 - loadIPPluginJar : add ucpd
2025-04-12 23:06:38,267 [INFO] IPUIPlugin:80 - create IPUIPlugin
2025-04-12 23:06:38,268 [INFO] PluginManager:220 - loadIPPluginJar : add usart
2025-04-12 23:06:38,270 [INFO] IPUIPlugin:80 - create IPUIPlugin
2025-04-12 23:06:38,270 [INFO] PluginManager:220 - loadIPPluginJar : add usbx
2025-04-12 23:06:38,394 [FATAL] Updater:351 - Updater called before beeing initialized
2025-04-12 23:06:38,412 [INFO] RulesReader:64 - Compatibility file has been processed (301 Rules)
2025-04-12 23:06:38,422 [INFO] RulesReader:64 - Compatibility file has been processed (301 Rules)
2025-04-12 23:06:38,427 [INFO] CADModel:165 - CPN selected for project level
2025-04-12 23:06:38,427 [INFO] CADModel:114 - Register for checkConnection events
2025-04-12 23:06:38,427 [FATAL] Updater:351 - Updater called before beeing initialized
2025-04-12 23:06:38,427 [ERROR] CADModel:125 - Updater not yet initialized, retry later 
2025-04-12 23:06:38,538 [FATAL] Updater:351 - Updater called before beeing initialized
2025-04-12 23:06:38,539 [INFO] CADModel:165 - CPN selected for project level
2025-04-12 23:06:38,539 [INFO] CADModel:114 - Register for checkConnection events
2025-04-12 23:06:38,539 [FATAL] Updater:351 - Updater called before beeing initialized
2025-04-12 23:06:38,539 [ERROR] CADModel:125 - Updater not yet initialized, retry later 
2025-04-12 23:06:38,541 [FATAL] Updater:351 - Updater called before beeing initialized
2025-04-12 23:06:38,642 [FATAL] Updater:351 - Updater called before beeing initialized
2025-04-12 23:06:38,644 [INFO] DbMcusAds:53 - JSON generation date=Thu Mar 06 15:54:22 CET 2025 (1741272862078)
2025-04-12 23:06:38,645 [FATAL] Updater:351 - Updater called before beeing initialized
2025-04-12 23:06:38,676 [WARN] DetailPanel:346 - Failed to get advertising image, set to default
2025-04-12 23:06:38,930 [FATAL] Updater:351 - Updater called before beeing initialized
2025-04-12 23:06:38,932 [FATAL] Updater:351 - Updater called before beeing initialized
2025-04-12 23:06:38,932 [FATAL] Updater:351 - Updater called before beeing initialized
2025-04-12 23:06:38,932 [WARN] DetailPanel:346 - Failed to get advertising image, set to default
2025-04-12 23:06:38,933 [FATAL] Updater:351 - Updater called before beeing initialized
2025-04-12 23:06:38,979 [ERROR] Updater:1198 - MainUpdater not yet initialized. External WinMGr cannot be set.
2025-04-12 23:06:38,981 [INFO] Updater:1134 - Updater Version found : 6.14.0
2025-04-12 23:06:38,993 [INFO] ApplicationProperties:184 - Using Application install path: C:\ST\STM32CubeIDE_1.18.0\STM32CubeIDE\plugins\com.st.stm32cube.common.mx_6.14.0.202502271554
2025-04-12 23:06:40,558 [ERROR] LogOutputStream:75 - [STDERR_REDIRECT] Apr 12, 2025 11:06:40 PM java.util.prefs.WindowsPreferences <init>
2025-04-12 23:06:40,560 [ERROR] LogOutputStream:75 - [STDERR_REDIRECT] WARNING: Could not open/create prefs root node Software\JavaSoft\Prefs at root 0xffffffff80000002. Windows RegCreateKeyEx(...) returned error code 5.
2025-04-12 23:06:40,560 [ERROR] LogOutputStream:75 - [STDERR_REDIRECT] 
2025-04-12 23:06:40,732 [INFO] ThirdPartyUpdaterWithRetryManager:70 - Updater plugin not ready yet. [2/15]
2025-04-12 23:06:40,783 [INFO] MainUpdater:2872 - connection check result : 10
2025-04-12 23:06:40,784 [INFO] MainUpdater:289 - Updater Check For Update Now.
2025-04-12 23:06:40,784 [INFO] MicroXplorer:498 - Change Database Version : DB.6.0.140
2025-04-12 23:06:40,790 [INFO] McuFinderGlobals:63 - Set McuFinder mode to 2 (CubeIDE integrated)
2025-04-12 23:06:40,790 [INFO] UserAuth:171 - activating auth plugin
2025-04-12 23:06:40,791 [INFO] UserAuth:486 - Internet connection configuration mode: 1
2025-04-12 23:06:40,808 [INFO] JxBrowserEngine:152 - Initiate JxBrowser Engine with user profile folder
2025-04-12 23:06:40,960 [INFO] CheckServerUpdateThread:120 - End of CheckServer Thread
2025-04-12 23:06:41,631 [INFO] WebApp:169 - Instantiating new browser for Auth
2025-04-12 23:06:42,891 [INFO] WebApp:463 - Apply proxy settings
2025-04-12 23:06:42,892 [INFO] WebApp:548 - Chromium requires no authentication
2025-04-12 23:06:42,900 [INFO] WebApp:491 - Direct internet connection detected
2025-04-12 23:06:42,924 [INFO] WebApp:894 - Register for checkConnection events
2025-04-12 23:06:42,924 [INFO] WebApp:463 - Apply proxy settings
2025-04-12 23:06:42,924 [INFO] WebApp:548 - Chromium requires no authentication
2025-04-12 23:06:42,925 [INFO] WebApp:491 - Direct internet connection detected
2025-04-12 23:06:43,099 [INFO] WebApp:225 - Starting web application
2025-04-12 23:06:43,099 [INFO] WebApp:593 - Web application path used C:\ST\STM32CubeIDE_1.18.0\STM32CubeIDE\plugins\com.st.stm32cube.common.mx_6.14.0.202502271554\db\plugins\mcufinder\reactClient1\index.html
2025-04-12 23:06:43,156 [INFO] WebApp:191 - Connection restablished
2025-04-12 23:06:44,154 [WARN] PackLoader:240 - Cannot read IP mode file for STMicroelectronics.FP-SNS-MOTENVWB1.1.4.0
2025-04-12 23:06:44,168 [WARN] PackLoader:240 - Cannot read IP mode file for STMicroelectronics.FP-ATR-ASTRA1.2.0.2
2025-04-12 23:06:44,180 [WARN] PackLoader:240 - Cannot read IP mode file for STMicroelectronics.X-CUBE-SMBUS.2.1.0
2025-04-12 23:06:44,198 [WARN] PackLoader:240 - Cannot read IP mode file for STMicroelectronics.X-CUBE-WB05N.1.1.0
2025-04-12 23:06:44,254 [WARN] PackLoader:240 - Cannot read IP mode file for STMicroelectronics.X-CUBE-AZRTOS-F7.1.1.0
2025-04-12 23:06:44,313 [WARN] PackLoader:240 - Cannot read IP mode file for Infineon.AIROC-Wi-Fi-Bluetooth-STM32.1.7.0
2025-04-12 23:06:44,338 [WARN] PackLoader:240 - Cannot read IP mode file for STMicroelectronics.X-CUBE-DISPLAY.3.0.0
2025-04-12 23:06:44,359 [WARN] PackLoader:240 - Cannot read IP mode file for STMicroelectronics.X-CUBE-NFC10.1.0.0
2025-04-12 23:06:44,380 [WARN] PackLoader:240 - Cannot read IP mode file for STMicroelectronics.X-CUBE-BLEMGR.4.0.0
2025-04-12 23:06:44,393 [WARN] PackLoader:240 - Cannot read IP mode file for emotas.I-CUBE-CANOPEN.1.3.0
2025-04-12 23:06:44,403 [WARN] ConditionMgr:438 - getConditionDescription Invalid condition id : Cortex-A Device cause : null
2025-04-12 23:06:44,460 [WARN] ConditionMgr:1044 - genDependencies : Invalid condition id : Cortex-A Device cause : null
2025-04-12 23:06:44,460 [WARN] ConditionMgr:1044 - genDependencies : Invalid condition id : Cortex-A Device cause : null
2025-04-12 23:06:44,460 [WARN] ConditionMgr:1044 - genDependencies : Invalid condition id : Cortex-A Device cause : null
2025-04-12 23:06:44,466 [WARN] PackLoader:240 - Cannot read IP mode file for STMicroelectronics.X-CUBE-AI.10.0.0
2025-04-12 23:06:44,475 [WARN] PackLoader:240 - Cannot read IP mode file for STMicroelectronics.FP-SNS-SMARTAG2.1.2.0
2025-04-12 23:06:44,488 [WARN] PackLoader:240 - Cannot read IP mode file for STMicroelectronics.FP-SNS-FLIGHT1.5.1.0
2025-04-12 23:06:44,573 [WARN] PackLoader:240 - Cannot read IP mode file for STMicroelectronics.X-CUBE-MEMS1.11.1.0
2025-04-12 23:06:44,773 [INFO] LogOutputStream:77 - [STDOUT_REDIRECT] 1 : Invalid condition id : UX_CORESTACK_Condition cause : null
2025-04-12 23:06:44,774 [INFO] LogOutputStream:77 - [STDOUT_REDIRECT] 1 : Invalid condition id : UX_CORESTACK_Condition cause : null
2025-04-12 23:06:44,777 [INFO] LogOutputStream:77 - [STDOUT_REDIRECT] 1 : Invalid condition id : UX_CORESTACK_Condition cause : null
2025-04-12 23:06:44,780 [INFO] LogOutputStream:77 - [STDOUT_REDIRECT] 1 : Invalid condition id : UX_CORESTACK_Condition cause : null
2025-04-12 23:06:44,781 [INFO] LogOutputStream:77 - [STDOUT_REDIRECT] 1 : Invalid condition id : UX_CORESTACK_Condition cause : null
2025-04-12 23:06:44,786 [WARN] PackLoader:240 - Cannot read IP mode file for STMicroelectronics.X-CUBE-AZRTOS-WL.2.0.0
2025-04-12 23:06:44,806 [WARN] PackLoader:240 - Cannot read IP mode file for STMicroelectronics.FP-SNS-MOTENV1.5.0.0
2025-04-12 23:06:44,820 [WARN] PackLoader:240 - Cannot read IP mode file for WES.I-CUBE-Cesium.1.3.0
2025-04-12 23:06:44,831 [WARN] PackLoader:240 - Cannot read IP mode file for STMicroelectronics.X-CUBE-BLE2.3.3.0
2025-04-12 23:06:44,838 [WARN] PackLoader:240 - Cannot read IP mode file for STMicroelectronics.X-CUBE-NFC9.1.0.0
2025-04-12 23:06:44,847 [WARN] PackLoader:240 - Cannot read IP mode file for STMicroelectronics.X-CUBE-BLE1.7.1.0
2025-04-12 23:06:44,856 [WARN] PackLoader:240 - Cannot read IP mode file for wolfSSL.I-CUBE-wolfMQTT.1.19.2
2025-04-12 23:06:44,874 [WARN] PackLoader:240 - Cannot read IP mode file for STMicroelectronics.X-CUBE-AZRTOS-G0.1.1.0
2025-04-12 23:06:44,885 [WARN] PackLoader:240 - Cannot read IP mode file for STMicroelectronics.X-CUBE-SAFEA1.1.2.2
2025-04-12 23:06:44,895 [WARN] PackLoader:240 - Cannot read IP mode file for STMicroelectronics.X-CUBE-NFC4.3.0.0
2025-04-12 23:06:44,908 [WARN] PackLoader:240 - Cannot read IP mode file for EmbeddedOffice.I-CUBE-FS-RTOS.1.0.1
2025-04-12 23:06:44,919 [WARN] PackLoader:240 - Cannot read IP mode file for wolfSSL.I-CUBE-wolfTPM.3.8.0
2025-04-12 23:06:44,929 [WARN] PackLoader:240 - Cannot read IP mode file for STMicroelectronics.X-CUBE-TCPP.4.2.0
2025-04-12 23:06:44,940 [WARN] PackLoader:240 - Cannot read IP mode file for RealThread.X-CUBE-RT-Thread_Nano.4.1.1
2025-04-12 23:06:44,951 [WARN] PackLoader:240 - Cannot read IP mode file for STMicroelectronics.FP-ATR-SIGFOX1.3.2.0
2025-04-12 23:06:44,977 [WARN] PackLoader:240 - Cannot read IP mode file for STMicroelectronics.X-CUBE-EEPRMA1.5.1.0
2025-04-12 23:06:44,991 [WARN] PackLoader:240 - Cannot read IP mode file for wolfSSL.I-CUBE-wolfSSL.5.7.6
2025-04-12 23:06:45,005 [WARN] PackLoader:240 - Cannot read IP mode file for ITTIA_DB.I-CUBE-ITTIADB.8.9.0
2025-04-12 23:06:45,089 [WARN] PackLoader:240 - Cannot read IP mode file for SEGGER.I-CUBE-embOS.1.3.1
2025-04-12 23:06:45,136 [WARN] PackLoader:240 - Cannot read IP mode file for STMicroelectronics.X-CUBE-ALGOBUILD.1.4.0
2025-04-12 23:06:45,157 [WARN] PackLoader:240 - Cannot read IP mode file for STMicroelectronics.X-CUBE-AZRTOS-F4.1.1.0
2025-04-12 23:06:45,167 [WARN] PackLoader:240 - Cannot read IP mode file for Avnet-IotConnect.X-CUBE-IoTC-DA16k-PMOD.1.0.0
2025-04-12 23:06:45,178 [WARN] PackLoader:240 - Cannot read IP mode file for STMicroelectronics.X-CUBE-ISPU.2.1.0
2025-04-12 23:06:45,203 [WARN] PackLoader:240 - Cannot read IP mode file for STMicroelectronics.X-CUBE-AZRTOS-L5.2.0.0
2025-04-12 23:06:45,215 [WARN] PackLoader:240 - Cannot read IP mode file for STMicroelectronics.X-CUBE-NFC6.3.1.0
2025-04-12 23:06:45,229 [WARN] PackLoader:240 - Cannot read IP mode file for STMicroelectronics.X-CUBE-FREERTOS.1.3.0
2025-04-12 23:06:45,239 [WARN] PackLoader:240 - Cannot read IP mode file for STMicroelectronics.X-CUBE-NFC7.1.0.1
2025-04-12 23:06:45,252 [WARN] PackLoader:240 - Cannot read IP mode file for STMicroelectronics.X-CUBE-DPower.1.3.0
2025-04-12 23:06:45,281 [WARN] ConditionMgr:438 - getConditionDescription Invalid condition id : LAN8742 Phy interface Condition cause : null
2025-04-12 23:06:45,282 [WARN] PackLoader:240 - Cannot read IP mode file for STMicroelectronics.X-CUBE-AZRTOS-L4.2.0.0
2025-04-12 23:06:45,283 [WARN] ConditionMgr:1044 - genDependencies : Invalid condition id : LAN8742 Phy interface Condition cause : null
2025-04-12 23:06:45,284 [WARN] ConditionMgr:1044 - genDependencies : Invalid condition id : LAN8742 Phy interface Condition cause : null
2025-04-12 23:06:45,284 [WARN] ConditionMgr:1044 - genDependencies : Invalid condition id : LAN8742 Phy interface Condition cause : null
2025-04-12 23:06:45,296 [WARN] PackLoader:240 - Cannot read IP mode file for STMicroelectronics.X-CUBE-SFXS2LP1.4.0.0
2025-04-12 23:06:45,321 [WARN] PackLoader:240 - Cannot read IP mode file for STMicroelectronics.X-CUBE-AZRTOS-H7.3.3.0
2025-04-12 23:06:45,345 [WARN] ConditionMgr:438 - getConditionDescription Invalid condition id : UX DEVICE CLASS RTOS Condition cause : null
2025-04-12 23:06:45,345 [WARN] ConditionMgr:438 - getConditionDescription Invalid condition id : UX DEVICE CLASS RTOS Condition cause : null
2025-04-12 23:06:45,349 [WARN] PackLoader:240 - Cannot read IP mode file for STMicroelectronics.X-CUBE-AZRTOS-WB.2.0.0
2025-04-12 23:06:45,349 [WARN] ConditionMgr:1044 - genDependencies : Invalid condition id : UX DEVICE CLASS RTOS Condition cause : null
2025-04-12 23:06:45,349 [WARN] ConditionMgr:1044 - genDependencies : Invalid condition id : UX DEVICE CLASS RTOS Condition cause : null
2025-04-12 23:06:45,350 [WARN] ConditionMgr:1044 - genDependencies : Invalid condition id : UX DEVICE CLASS RTOS Condition cause : null
2025-04-12 23:06:45,351 [WARN] ConditionMgr:1044 - genDependencies : Invalid condition id : UX DEVICE CLASS RTOS Condition cause : null
2025-04-12 23:06:45,351 [WARN] ConditionMgr:1044 - genDependencies : Invalid condition id : UX DEVICE CLASS RTOS Condition cause : null
2025-04-12 23:06:45,359 [WARN] PackLoader:240 - Cannot read IP mode file for STMicroelectronics.X-CUBE-GNSS1.7.0.1
2025-04-12 23:06:45,368 [WARN] PackLoader:240 - Cannot read IP mode file for STMicroelectronics.X-CUBE-TOUCHGFX.4.25.0
2025-04-12 23:06:45,378 [WARN] PackLoader:240 - Cannot read IP mode file for STMicroelectronics.FP-SNS-STBOX1.2.0.0
2025-04-12 23:06:45,397 [WARN] PackLoader:240 - Cannot read IP mode file for STMicroelectronics.X-CUBE-SUBG2.5.0.0
2025-04-12 23:06:45,442 [WARN] PackLoader:240 - Cannot read IP mode file for STMicroelectronics.X-CUBE-AZRTOS-H7RS.1.1.0
2025-04-12 23:06:45,451 [WARN] PackLoader:240 - Cannot read IP mode file for Cesanta.I-CUBE-Mongoose.7.13.0
2025-04-12 23:06:45,471 [WARN] PackLoader:240 - Cannot read IP mode file for STMicroelectronics.X-CUBE-AZRTOS-G4.2.0.0
2025-04-12 23:06:45,715 [WARN] PackLoader:240 - Cannot read IP mode file for wolfSSL.I-CUBE-wolfSSH.1.4.20
2025-04-12 23:06:45,726 [WARN] PackLoader:240 - Cannot read IP mode file for STMicroelectronics.X-CUBE-IPS.3.1.0
2025-04-12 23:06:45,738 [WARN] PackLoader:240 - Cannot read IP mode file for STMicroelectronics.X-CUBE-ALS.1.0.2
2025-04-12 23:06:45,747 [WARN] PackLoader:240 - Cannot read IP mode file for portGmbH.I-Cube-SoM-uGOAL.1.1.0
2025-04-12 23:06:45,759 [WARN] PackLoader:240 - Cannot read IP mode file for STMicroelectronics.X-CUBE-TOF1.3.4.2
2025-04-12 23:06:45,769 [INFO] ThirdParty:978 - Integrity check success = true
2025-04-12 23:06:45,769 [INFO] IntegrityCheckThread:100 - exiting critical section [integrity check]
2025-04-12 23:06:45,770 [INFO] IntegrityCheckThread:103 - End integrity checks thread
2025-04-12 23:07:35,672 [ERROR] LogOutputStream:75 - [STDERR_REDIRECT] 
